<?xml version="1.0" encoding="UTF-8"?>
<!-- Generated by org.testng.reporters.JUnitReportReporter -->
<testsuite skipped="0" hostname="xen-875" name="DatProvider.tests.VerifyImageDemo" tests="1" failures="0" timestamp="28 Aug 2018 09:45:20 GMT" time="2.551" errors="0">
  <testcase name="verifyImageTest" time="2.551" classname="DatProvider.tests.VerifyImageDemo"/>
</testsuite> <!-- DatProvider.tests.VerifyImageDemo -->
