<?xml version="1.0" encoding="UTF-8"?>
<!-- Generated by org.testng.reporters.JUnitReportReporter -->
<testsuite skipped="0" hostname="xen-875" name="DatProvider.tests.SikuliDemo" tests="1" failures="0" timestamp="28 Aug 2018 11:17:10 GMT" time="2.345" errors="0">
  <testcase name="SkiuliImageClickTest" time="2.345" classname="DatProvider.tests.SikuliDemo"/>
</testsuite> <!-- DatProvider.tests.SikuliDemo -->
